# Logfile created on Tue Mar 23 12:05:16 +0000 2010 by /
Access denied for user 'talks'@'localhost' (using password: YES)
./script/../config/../vendor/rails/activerecord/lib/active_record/connection_adapters/mysql_adapter.rb:389:in `real_connect'
./script/../config/../vendor/rails/activerecord/lib/active_record/connection_adapters/mysql_adapter.rb:389:in `connect'
./script/../config/../vendor/rails/activerecord/lib/active_record/connection_adapters/mysql_adapter.rb:152:in `initialize'
./script/../config/../vendor/rails/activerecord/lib/active_record/connection_adapters/mysql_adapter.rb:82:in `new'
./script/../config/../vendor/rails/activerecord/lib/active_record/connection_adapters/mysql_adapter.rb:82:in `mysql_connection'
./script/../config/../vendor/rails/activerecord/lib/active_record/connection_adapters/abstract/connection_specification.rb:262:in `send'
./script/../config/../vendor/rails/activerecord/lib/active_record/connection_adapters/abstract/connection_specification.rb:262:in `connection_without_query_cache='
./script/../config/../vendor/rails/activerecord/lib/active_record/query_cache.rb:54:in `connection='
./script/../config/../vendor/rails/activerecord/lib/active_record/connection_adapters/abstract/connection_specification.rb:230:in `retrieve_connection'
./script/../config/../vendor/rails/activerecord/lib/active_record/connection_adapters/abstract/connection_specification.rb:78:in `connection'
./script/../config/../vendor/rails/activerecord/lib/active_record/base.rb:763:in `columns'
./script/../config/../vendor/rails/activerecord/lib/active_record/base.rb:771:in `columns_hash'
./script/../config/../vendor/rails/actionpack/lib/action_controller/session/active_record_store.rb:105:in `setup_sessid_compatibility!'
./script/../config/../vendor/rails/actionpack/lib/action_controller/session/active_record_store.rb:79:in `find_by_session_id'
./script/../config/../vendor/rails/actionpack/lib/action_controller/session/active_record_store.rb:283:in `initialize'
./script/../config/../vendor/rails/activerecord/lib/active_record/base.rb:867:in `silence'
./script/../config/../vendor/rails/actionpack/lib/action_controller/session/active_record_store.rb:283:in `initialize'
/usr/lib/ruby/1.8/cgi/session.rb:279:in `new'
/usr/lib/ruby/1.8/cgi/session.rb:279:in `initialize'
./script/../config/../vendor/rails/actionpack/lib/action_controller/cgi_process.rb:123:in `new'
./script/../config/../vendor/rails/actionpack/lib/action_controller/cgi_process.rb:123:in `session'
./script/../config/../vendor/rails/actionpack/lib/action_controller/cgi_process.rb:155:in `stale_session_check!'
./script/../config/../vendor/rails/actionpack/lib/action_controller/cgi_process.rb:110:in `session'
./script/../config/../vendor/rails/actionpack/lib/action_controller/base.rb:1052:in `assign_shortcuts_without_flash'
./script/../config/../vendor/rails/actionpack/lib/action_controller/flash.rb:140:in `assign_shortcuts'
./script/../config/../vendor/rails/actionpack/lib/action_controller/base.rb:424:in `process_without_filters'
./script/../config/../vendor/rails/actionpack/lib/action_controller/filters.rb:624:in `process_without_session_management_support'
./script/../config/../vendor/rails/actionpack/lib/action_controller/session_management.rb:114:in `process'
./script/../config/../vendor/rails/actionpack/lib/action_controller/base.rb:330:in `process'
./script/../config/../vendor/rails/railties/lib/dispatcher.rb:41:in `dispatch'
./script/../config/../vendor/rails/railties/lib/webrick_server.rb:113:in `handle_dispatch'
./script/../config/../vendor/rails/railties/lib/webrick_server.rb:79:in `service'
/usr/lib/ruby/1.8/webrick/httpserver.rb:104:in `service'
/usr/lib/ruby/1.8/webrick/httpserver.rb:65:in `run'
/usr/lib/ruby/1.8/webrick/server.rb:173:in `start_thread'
/usr/lib/ruby/1.8/webrick/server.rb:162:in `start'
/usr/lib/ruby/1.8/webrick/server.rb:162:in `start_thread'
/usr/lib/ruby/1.8/webrick/server.rb:95:in `start'
/usr/lib/ruby/1.8/webrick/server.rb:92:in `each'
/usr/lib/ruby/1.8/webrick/server.rb:92:in `start'
/usr/lib/ruby/1.8/webrick/server.rb:23:in `start'
/usr/lib/ruby/1.8/webrick/server.rb:82:in `start'
./script/../config/../vendor/rails/railties/lib/webrick_server.rb:63:in `dispatch'
./script/../config/../vendor/rails/railties/lib/commands/servers/webrick.rb:59
/usr/lib/ruby/1.8/rubygems/custom_require.rb:27:in `gem_original_require'
/usr/lib/ruby/1.8/rubygems/custom_require.rb:27:in `require'
./script/../config/../vendor/rails/activesupport/lib/active_support/dependencies.rb:495:in `require'
./script/../config/../vendor/rails/activesupport/lib/active_support/dependencies.rb:342:in `new_constants_in'
./script/../config/../vendor/rails/activesupport/lib/active_support/dependencies.rb:495:in `require'
./script/../config/../vendor/rails/railties/lib/commands/server.rb:39
script/server:3:in `require'
script/server:3
Mysql::Error: Table 'talks2_development.sessions' doesn't exist: SHOW FIELDS FROM sessions
./script/../config/../vendor/rails/activerecord/lib/active_record/connection_adapters/abstract_adapter.rb:128:in `log'
./script/../config/../vendor/rails/activerecord/lib/active_record/connection_adapters/mysql_adapter.rb:243:in `execute'
./script/../config/../vendor/rails/activerecord/lib/active_record/connection_adapters/mysql_adapter.rb:348:in `columns'
./script/../config/../vendor/rails/activerecord/lib/active_record/base.rb:763:in `columns'
./script/../config/../vendor/rails/activerecord/lib/active_record/base.rb:771:in `columns_hash'
./script/../config/../vendor/rails/actionpack/lib/action_controller/session/active_record_store.rb:105:in `setup_sessid_compatibility!'
./script/../config/../vendor/rails/actionpack/lib/action_controller/session/active_record_store.rb:79:in `find_by_session_id'
./script/../config/../vendor/rails/actionpack/lib/action_controller/session/active_record_store.rb:283:in `initialize'
./script/../config/../vendor/rails/activerecord/lib/active_record/base.rb:867:in `silence'
./script/../config/../vendor/rails/actionpack/lib/action_controller/session/active_record_store.rb:283:in `initialize'
/usr/lib/ruby/1.8/cgi/session.rb:279:in `new'
/usr/lib/ruby/1.8/cgi/session.rb:279:in `initialize'
./script/../config/../vendor/rails/actionpack/lib/action_controller/cgi_process.rb:123:in `new'
./script/../config/../vendor/rails/actionpack/lib/action_controller/cgi_process.rb:123:in `session'
./script/../config/../vendor/rails/actionpack/lib/action_controller/cgi_process.rb:155:in `stale_session_check!'
./script/../config/../vendor/rails/actionpack/lib/action_controller/cgi_process.rb:110:in `session'
./script/../config/../vendor/rails/actionpack/lib/action_controller/base.rb:1052:in `assign_shortcuts_without_flash'
./script/../config/../vendor/rails/actionpack/lib/action_controller/flash.rb:140:in `assign_shortcuts'
./script/../config/../vendor/rails/actionpack/lib/action_controller/base.rb:424:in `process_without_filters'
./script/../config/../vendor/rails/actionpack/lib/action_controller/filters.rb:624:in `process_without_session_management_support'
./script/../config/../vendor/rails/actionpack/lib/action_controller/session_management.rb:114:in `process'
./script/../config/../vendor/rails/actionpack/lib/action_controller/base.rb:330:in `process'
./script/../config/../vendor/rails/railties/lib/dispatcher.rb:41:in `dispatch'
./script/../config/../vendor/rails/railties/lib/webrick_server.rb:113:in `handle_dispatch'
./script/../config/../vendor/rails/railties/lib/webrick_server.rb:79:in `service'
/usr/lib/ruby/1.8/webrick/httpserver.rb:104:in `service'
/usr/lib/ruby/1.8/webrick/httpserver.rb:65:in `run'
/usr/lib/ruby/1.8/webrick/server.rb:173:in `start_thread'
/usr/lib/ruby/1.8/webrick/server.rb:162:in `start'
/usr/lib/ruby/1.8/webrick/server.rb:162:in `start_thread'
/usr/lib/ruby/1.8/webrick/server.rb:95:in `start'
/usr/lib/ruby/1.8/webrick/server.rb:92:in `each'
/usr/lib/ruby/1.8/webrick/server.rb:92:in `start'
/usr/lib/ruby/1.8/webrick/server.rb:23:in `start'
/usr/lib/ruby/1.8/webrick/server.rb:82:in `start'
./script/../config/../vendor/rails/railties/lib/webrick_server.rb:63:in `dispatch'
./script/../config/../vendor/rails/railties/lib/commands/servers/webrick.rb:59
/usr/lib/ruby/1.8/rubygems/custom_require.rb:27:in `gem_original_require'
/usr/lib/ruby/1.8/rubygems/custom_require.rb:27:in `require'
./script/../config/../vendor/rails/activesupport/lib/active_support/dependencies.rb:495:in `require'
./script/../config/../vendor/rails/activesupport/lib/active_support/dependencies.rb:342:in `new_constants_in'
./script/../config/../vendor/rails/activesupport/lib/active_support/dependencies.rb:495:in `require'
./script/../config/../vendor/rails/railties/lib/commands/server.rb:39
script/server:3:in `require'
script/server:3
Mysql::Error: Table 'talks2_development.sessions' doesn't exist: SHOW FIELDS FROM sessions
./script/../config/../vendor/rails/activerecord/lib/active_record/connection_adapters/abstract_adapter.rb:128:in `log'
./script/../config/../vendor/rails/activerecord/lib/active_record/connection_adapters/mysql_adapter.rb:243:in `execute'
./script/../config/../vendor/rails/activerecord/lib/active_record/connection_adapters/mysql_adapter.rb:348:in `columns'
./script/../config/../vendor/rails/activerecord/lib/active_record/base.rb:763:in `columns'
./script/../config/../vendor/rails/activerecord/lib/active_record/base.rb:771:in `columns_hash'
./script/../config/../vendor/rails/actionpack/lib/action_controller/session/active_record_store.rb:105:in `setup_sessid_compatibility!'
./script/../config/../vendor/rails/actionpack/lib/action_controller/session/active_record_store.rb:79:in `find_by_session_id'
./script/../config/../vendor/rails/actionpack/lib/action_controller/session/active_record_store.rb:283:in `initialize'
./script/../config/../vendor/rails/activerecord/lib/active_record/base.rb:867:in `silence'
./script/../config/../vendor/rails/actionpack/lib/action_controller/session/active_record_store.rb:283:in `initialize'
/usr/lib/ruby/1.8/cgi/session.rb:279:in `new'
/usr/lib/ruby/1.8/cgi/session.rb:279:in `initialize'
./script/../config/../vendor/rails/actionpack/lib/action_controller/cgi_process.rb:123:in `new'
./script/../config/../vendor/rails/actionpack/lib/action_controller/cgi_process.rb:123:in `session'
./script/../config/../vendor/rails/actionpack/lib/action_controller/cgi_process.rb:155:in `stale_session_check!'
./script/../config/../vendor/rails/actionpack/lib/action_controller/cgi_process.rb:110:in `session'
./script/../config/../vendor/rails/actionpack/lib/action_controller/base.rb:1052:in `assign_shortcuts_without_flash'
./script/../config/../vendor/rails/actionpack/lib/action_controller/flash.rb:140:in `assign_shortcuts'
./script/../config/../vendor/rails/actionpack/lib/action_controller/base.rb:424:in `process_without_filters'
./script/../config/../vendor/rails/actionpack/lib/action_controller/filters.rb:624:in `process_without_session_management_support'
./script/../config/../vendor/rails/actionpack/lib/action_controller/session_management.rb:114:in `process'
./script/../config/../vendor/rails/actionpack/lib/action_controller/base.rb:330:in `process'
./script/../config/../vendor/rails/railties/lib/dispatcher.rb:41:in `dispatch'
./script/../config/../vendor/rails/railties/lib/webrick_server.rb:113:in `handle_dispatch'
./script/../config/../vendor/rails/railties/lib/webrick_server.rb:79:in `service'
/usr/lib/ruby/1.8/webrick/httpserver.rb:104:in `service'
/usr/lib/ruby/1.8/webrick/httpserver.rb:65:in `run'
/usr/lib/ruby/1.8/webrick/server.rb:173:in `start_thread'
/usr/lib/ruby/1.8/webrick/server.rb:162:in `start'
/usr/lib/ruby/1.8/webrick/server.rb:162:in `start_thread'
/usr/lib/ruby/1.8/webrick/server.rb:95:in `start'
/usr/lib/ruby/1.8/webrick/server.rb:92:in `each'
/usr/lib/ruby/1.8/webrick/server.rb:92:in `start'
/usr/lib/ruby/1.8/webrick/server.rb:23:in `start'
/usr/lib/ruby/1.8/webrick/server.rb:82:in `start'
./script/../config/../vendor/rails/railties/lib/webrick_server.rb:63:in `dispatch'
./script/../config/../vendor/rails/railties/lib/commands/servers/webrick.rb:59
/usr/lib/ruby/1.8/rubygems/custom_require.rb:27:in `gem_original_require'
/usr/lib/ruby/1.8/rubygems/custom_require.rb:27:in `require'
./script/../config/../vendor/rails/activesupport/lib/active_support/dependencies.rb:495:in `require'
./script/../config/../vendor/rails/activesupport/lib/active_support/dependencies.rb:342:in `new_constants_in'
./script/../config/../vendor/rails/activesupport/lib/active_support/dependencies.rb:495:in `require'
./script/../config/../vendor/rails/railties/lib/commands/server.rb:39
script/server:3:in `require'
script/server:3
Mysql::Error: Table 'talks2_development.sessions' doesn't exist: SHOW FIELDS FROM sessions
./script/../config/../vendor/rails/activerecord/lib/active_record/connection_adapters/abstract_adapter.rb:128:in `log'
./script/../config/../vendor/rails/activerecord/lib/active_record/connection_adapters/mysql_adapter.rb:243:in `execute'
./script/../config/../vendor/rails/activerecord/lib/active_record/connection_adapters/mysql_adapter.rb:348:in `columns'
./script/../config/../vendor/rails/activerecord/lib/active_record/base.rb:763:in `columns'
./script/../config/../vendor/rails/activerecord/lib/active_record/base.rb:771:in `columns_hash'
./script/../config/../vendor/rails/actionpack/lib/action_controller/session/active_record_store.rb:105:in `setup_sessid_compatibility!'
./script/../config/../vendor/rails/actionpack/lib/action_controller/session/active_record_store.rb:79:in `find_by_session_id'
./script/../config/../vendor/rails/actionpack/lib/action_controller/session/active_record_store.rb:283:in `initialize'
./script/../config/../vendor/rails/activerecord/lib/active_record/base.rb:867:in `silence'
./script/../config/../vendor/rails/actionpack/lib/action_controller/session/active_record_store.rb:283:in `initialize'
/usr/lib/ruby/1.8/cgi/session.rb:279:in `new'
/usr/lib/ruby/1.8/cgi/session.rb:279:in `initialize'
./script/../config/../vendor/rails/actionpack/lib/action_controller/cgi_process.rb:123:in `new'
./script/../config/../vendor/rails/actionpack/lib/action_controller/cgi_process.rb:123:in `session'
./script/../config/../vendor/rails/actionpack/lib/action_controller/cgi_process.rb:155:in `stale_session_check!'
./script/../config/../vendor/rails/actionpack/lib/action_controller/cgi_process.rb:110:in `session'
./script/../config/../vendor/rails/actionpack/lib/action_controller/base.rb:1052:in `assign_shortcuts_without_flash'
./script/../config/../vendor/rails/actionpack/lib/action_controller/flash.rb:140:in `assign_shortcuts'
./script/../config/../vendor/rails/actionpack/lib/action_controller/base.rb:424:in `process_without_filters'
./script/../config/../vendor/rails/actionpack/lib/action_controller/filters.rb:624:in `process_without_session_management_support'
./script/../config/../vendor/rails/actionpack/lib/action_controller/session_management.rb:114:in `process'
./script/../config/../vendor/rails/actionpack/lib/action_controller/base.rb:330:in `process'
./script/../config/../vendor/rails/railties/lib/dispatcher.rb:41:in `dispatch'
./script/../config/../vendor/rails/railties/lib/webrick_server.rb:113:in `handle_dispatch'
./script/../config/../vendor/rails/railties/lib/webrick_server.rb:79:in `service'
/usr/lib/ruby/1.8/webrick/httpserver.rb:104:in `service'
/usr/lib/ruby/1.8/webrick/httpserver.rb:65:in `run'
/usr/lib/ruby/1.8/webrick/server.rb:173:in `start_thread'
/usr/lib/ruby/1.8/webrick/server.rb:162:in `start'
/usr/lib/ruby/1.8/webrick/server.rb:162:in `start_thread'
/usr/lib/ruby/1.8/webrick/server.rb:95:in `start'
/usr/lib/ruby/1.8/webrick/server.rb:92:in `each'
/usr/lib/ruby/1.8/webrick/server.rb:92:in `start'
/usr/lib/ruby/1.8/webrick/server.rb:23:in `start'
/usr/lib/ruby/1.8/webrick/server.rb:82:in `start'
./script/../config/../vendor/rails/railties/lib/webrick_server.rb:63:in `dispatch'
./script/../config/../vendor/rails/railties/lib/commands/servers/webrick.rb:59
/usr/lib/ruby/1.8/rubygems/custom_require.rb:27:in `gem_original_require'
/usr/lib/ruby/1.8/rubygems/custom_require.rb:27:in `require'
./script/../config/../vendor/rails/activesupport/lib/active_support/dependencies.rb:495:in `require'
./script/../config/../vendor/rails/activesupport/lib/active_support/dependencies.rb:342:in `new_constants_in'
./script/../config/../vendor/rails/activesupport/lib/active_support/dependencies.rb:495:in `require'
./script/../config/../vendor/rails/railties/lib/commands/server.rb:39
script/server:3:in `require'
script/server:3
Mysql::Error: Table 'talks2_development.sessions' doesn't exist: SHOW FIELDS FROM sessions
./script/../config/../vendor/rails/activerecord/lib/active_record/connection_adapters/abstract_adapter.rb:128:in `log'
./script/../config/../vendor/rails/activerecord/lib/active_record/connection_adapters/mysql_adapter.rb:243:in `execute'
./script/../config/../vendor/rails/activerecord/lib/active_record/connection_adapters/mysql_adapter.rb:348:in `columns'
./script/../config/../vendor/rails/activerecord/lib/active_record/base.rb:763:in `columns'
./script/../config/../vendor/rails/activerecord/lib/active_record/base.rb:771:in `columns_hash'
./script/../config/../vendor/rails/actionpack/lib/action_controller/session/active_record_store.rb:105:in `setup_sessid_compatibility!'
./script/../config/../vendor/rails/actionpack/lib/action_controller/session/active_record_store.rb:79:in `find_by_session_id'
./script/../config/../vendor/rails/actionpack/lib/action_controller/session/active_record_store.rb:283:in `initialize'
./script/../config/../vendor/rails/activerecord/lib/active_record/base.rb:867:in `silence'
./script/../config/../vendor/rails/actionpack/lib/action_controller/session/active_record_store.rb:283:in `initialize'
/usr/lib/ruby/1.8/cgi/session.rb:279:in `new'
/usr/lib/ruby/1.8/cgi/session.rb:279:in `initialize'
./script/../config/../vendor/rails/actionpack/lib/action_controller/cgi_process.rb:123:in `new'
./script/../config/../vendor/rails/actionpack/lib/action_controller/cgi_process.rb:123:in `session'
./script/../config/../vendor/rails/actionpack/lib/action_controller/cgi_process.rb:155:in `stale_session_check!'
./script/../config/../vendor/rails/actionpack/lib/action_controller/cgi_process.rb:110:in `session'
./script/../config/../vendor/rails/actionpack/lib/action_controller/base.rb:1052:in `assign_shortcuts_without_flash'
./script/../config/../vendor/rails/actionpack/lib/action_controller/flash.rb:140:in `assign_shortcuts'
./script/../config/../vendor/rails/actionpack/lib/action_controller/base.rb:424:in `process_without_filters'
./script/../config/../vendor/rails/actionpack/lib/action_controller/filters.rb:624:in `process_without_session_management_support'
./script/../config/../vendor/rails/actionpack/lib/action_controller/session_management.rb:114:in `process'
./script/../config/../vendor/rails/actionpack/lib/action_controller/base.rb:330:in `process'
./script/../config/../vendor/rails/railties/lib/dispatcher.rb:41:in `dispatch'
./script/../config/../vendor/rails/railties/lib/webrick_server.rb:113:in `handle_dispatch'
./script/../config/../vendor/rails/railties/lib/webrick_server.rb:79:in `service'
/usr/lib/ruby/1.8/webrick/httpserver.rb:104:in `service'
/usr/lib/ruby/1.8/webrick/httpserver.rb:65:in `run'
/usr/lib/ruby/1.8/webrick/server.rb:173:in `start_thread'
/usr/lib/ruby/1.8/webrick/server.rb:162:in `start'
/usr/lib/ruby/1.8/webrick/server.rb:162:in `start_thread'
/usr/lib/ruby/1.8/webrick/server.rb:95:in `start'
/usr/lib/ruby/1.8/webrick/server.rb:92:in `each'
/usr/lib/ruby/1.8/webrick/server.rb:92:in `start'
/usr/lib/ruby/1.8/webrick/server.rb:23:in `start'
/usr/lib/ruby/1.8/webrick/server.rb:82:in `start'
./script/../config/../vendor/rails/railties/lib/webrick_server.rb:63:in `dispatch'
./script/../config/../vendor/rails/railties/lib/commands/servers/webrick.rb:59
/usr/lib/ruby/1.8/rubygems/custom_require.rb:27:in `gem_original_require'
/usr/lib/ruby/1.8/rubygems/custom_require.rb:27:in `require'
./script/../config/../vendor/rails/activesupport/lib/active_support/dependencies.rb:495:in `require'
./script/../config/../vendor/rails/activesupport/lib/active_support/dependencies.rb:342:in `new_constants_in'
./script/../config/../vendor/rails/activesupport/lib/active_support/dependencies.rb:495:in `require'
./script/../config/../vendor/rails/railties/lib/commands/server.rb:39
script/server:3:in `require'
script/server:3
  [4;36;1mSQL (0.000125)[0m   [0;1mSET SQL_AUTO_IS_NULL=0[0m
  [4;35;1mSQL (0.018590)[0m   [0mCREATE TABLE schema_info (version int(11))[0m
  [4;36;1mSQL (0.000265)[0m   [0;1mINSERT INTO schema_info (version) VALUES(0)[0m
  [4;35;1mSQL (0.000000)[0m   [0mMysql::Error: Table 'schema_info' already exists: CREATE TABLE schema_info (version int(11))[0m
  [4;36;1mSQL (0.000243)[0m   [0;1mSELECT version FROM schema_info[0m
Migrating to InitialSchema (1)
  [4;35;1mSQL (0.000000)[0m   [0mMysql::Error: Unknown table 'lists': DROP TABLE lists[0m
  [4;36;1mSQL (0.023172)[0m   [0;1mCREATE TABLE lists (`id` int(11) DEFAULT NULL auto_increment PRIMARY KEY, `name` varchar(255) DEFAULT NULL, `details` text DEFAULT NULL, `type` varchar(50) DEFAULT NULL, `details_filtered` text DEFAULT NULL) ENGINE=InnoDB[0m
  [4;35;1mSQL (0.000000)[0m   [0mMysql::Error: Unknown table 'lists_lists': DROP TABLE lists_lists[0m
  [4;36;1mSQL (0.000683)[0m   [0;1mCREATE TABLE lists_lists (`parent_id` int(11) DEFAULT NULL, `child_id` int(11) DEFAULT NULL, `result_of_direct_parent_id` int(11) DEFAULT NULL, `result_of_direct_child_id` int(50) DEFAULT NULL) ENGINE=InnoDB[0m
  [4;35;1mSQL (0.000000)[0m   [0mMysql::Error: Unknown table 'lists_talks': DROP TABLE lists_talks[0m
  [4;36;1mSQL (0.000641)[0m   [0;1mCREATE TABLE lists_talks (`list_id` int(11) DEFAULT NULL, `talk_id` int(11) DEFAULT NULL) ENGINE=InnoDB[0m
  [4;35;1mSQL (0.000000)[0m   [0mMysql::Error: Unknown table 'lists_users': DROP TABLE lists_users[0m
  [4;36;1mSQL (0.000646)[0m   [0;1mCREATE TABLE lists_users (`list_id` int(11) DEFAULT NULL, `user_id` int(11) DEFAULT NULL) ENGINE=InnoDB[0m
  [4;35;1mSQL (0.000000)[0m   [0mMysql::Error: Unknown table 'talks': DROP TABLE talks[0m
  [4;36;1mSQL (0.000872)[0m   [0;1mCREATE TABLE talks (`id` int(11) DEFAULT NULL auto_increment PRIMARY KEY, `title` varchar(255) DEFAULT 'To be determined', `abstract` text DEFAULT NULL, `special_message` varchar(255) DEFAULT NULL, `start_time` datetime DEFAULT NULL, `end_time` datetime DEFAULT NULL, `name_of_speaker` varchar(255) DEFAULT NULL, `speaker_id` int(11) DEFAULT NULL, `series_id` int(11) DEFAULT NULL, `venue_id` int(11) DEFAULT NULL, `created_at` datetime DEFAULT NULL, `updated_at` datetime DEFAULT NULL, `abstract_filtered` text DEFAULT NULL) ENGINE=InnoDB[0m
  [4;35;1mSQL (0.000000)[0m   [0mMysql::Error: Unknown table 'users': DROP TABLE users[0m
  [4;36;1mSQL (0.000729)[0m   [0;1mCREATE TABLE users (`id` int(11) DEFAULT NULL auto_increment PRIMARY KEY, `email` varchar(255) DEFAULT NULL, `name` varchar(255) DEFAULT NULL, `password` varchar(50) DEFAULT NULL, `affiliation` varchar(50) DEFAULT NULL, `administrator` int(50) DEFAULT 0 NOT NULL) ENGINE=InnoDB[0m
  [4;35;1mSQL (0.000161)[0m   [0mUPDATE schema_info SET version = 1[0m
  [4;36;1mSQL (0.000102)[0m   [0;1mSELECT version FROM schema_info[0m
Migrating to AddCustomView (2)
  [4;35;1mSQL (0.000893)[0m   [0mCREATE TABLE custom_views (`id` int(11) DEFAULT NULL auto_increment PRIMARY KEY, `name` varchar(255) DEFAULT NULL, `user_id` int(11) DEFAULT NULL, `list_id` int(11) DEFAULT NULL, `layout` varchar(255) DEFAULT NULL, `action` varchar(255) DEFAULT NULL, `limit_numbers` tinyint(1) DEFAULT 0, `limit` varchar(255) DEFAULT NULL, `limit_period` tinyint(1) DEFAULT 0, `seconds_before_today` int(11) DEFAULT NULL, `seconds_after_today` int(11) DEFAULT NULL, `limit_date` tinyint(1) DEFAULT 0, `start_seconds` datetime DEFAULT NULL, `end_seconds` datetime DEFAULT NULL) ENGINE=InnoDB[0m
  [4;36;1mSQL (0.000100)[0m   [0;1mUPDATE schema_info SET version = 2[0m
  [4;35;1mSQL (0.000098)[0m   [0mSELECT version FROM schema_info[0m
Migrating to AddImageUpload (3)
  [4;36;1mSQL (0.002332)[0m   [0;1mALTER TABLE talks ADD `image` varchar(255)[0m
  [4;35;1mSQL (0.001686)[0m   [0mALTER TABLE users ADD `image` varchar(255)[0m
  [4;36;1mSQL (0.001692)[0m   [0;1mALTER TABLE lists ADD `image` varchar(255)[0m
  [4;35;1mSQL (0.000120)[0m   [0mUPDATE schema_info SET version = 3[0m
  [4;36;1mSQL (0.000098)[0m   [0;1mSELECT version FROM schema_info[0m
Migrating to AddOrganiser (4)
  [4;35;1mSQL (0.001857)[0m   [0mALTER TABLE talks ADD `organiser_id` int(11)[0m
  [4;36;1mTalk Load (0.000308)[0m   [0;1mSELECT * FROM talks [0m
  [4;35;1mSQL (0.000149)[0m   [0mUPDATE schema_info SET version = 4[0m
  [4;36;1mSQL (0.000118)[0m   [0;1mSELECT version FROM schema_info[0m
Migrating to InitialData (5)
  [4;35;1mSQL (0.000118)[0m   [0mUPDATE schema_info SET version = 5[0m
  [4;36;1mSQL (0.000100)[0m   [0;1mSELECT version FROM schema_info[0m
Migrating to Serendipity (6)
  [4;35;1mSQL (0.000860)[0m   [0mCREATE TABLE related_lists (`id` int(11) DEFAULT NULL auto_increment PRIMARY KEY, `related_id` int(11) DEFAULT NULL, `related_type` varchar(255) DEFAULT NULL, `list_id` int(11) DEFAULT NULL, `score` float DEFAULT NULL) ENGINE=InnoDB[0m
  [4;36;1mSQL (0.000686)[0m   [0;1mCREATE TABLE related_talks (`id` int(11) DEFAULT NULL auto_increment PRIMARY KEY, `related_id` int(11) DEFAULT NULL, `related_type` varchar(255) DEFAULT NULL, `talk_id` int(11) DEFAULT NULL, `score` float DEFAULT NULL) ENGINE=InnoDB[0m
  [4;35;1mSQL (0.000113)[0m   [0mUPDATE schema_info SET version = 6[0m
  [4;36;1mSQL (0.000124)[0m   [0;1mSELECT version FROM schema_info[0m
Migrating to CreateEmailSubscriptions (7)
  [4;35;1mSQL (0.000682)[0m   [0mCREATE TABLE email_subscriptions (`id` int(11) DEFAULT NULL auto_increment PRIMARY KEY, `user_id` int(11) DEFAULT NULL, `list_id` int(11) DEFAULT NULL) ENGINE=InnoDB[0m
  [4;36;1mSQL (0.000122)[0m   [0;1mUPDATE schema_info SET version = 7[0m
  [4;35;1mSQL (0.000112)[0m   [0mSELECT version FROM schema_info[0m
Migrating to CreateDocuments (8)
  [4;36;1mSQL (0.000724)[0m   [0;1mCREATE TABLE documents (`id` int(11) DEFAULT NULL auto_increment PRIMARY KEY, `name` varchar(255) DEFAULT NULL, `body` text DEFAULT NULL, `html` text DEFAULT NULL) ENGINE=InnoDB[0m
  [4;35;1mDocument Columns (0.000890)[0m   [0mSHOW FIELDS FROM documents[0m
  [4;36;1mSQL (0.002220)[0m   [0;1mALTER TABLE documents ADD `version` int(11)[0m
  [4;35;1mSQL (0.000696)[0m   [0mCREATE TABLE document_versions (`id` int(11) DEFAULT NULL auto_increment PRIMARY KEY, `document_id` int(11) DEFAULT NULL, `version` int(11) DEFAULT NULL) ENGINE=InnoDB[0m
  [4;36;1mSQL (0.001603)[0m   [0;1mALTER TABLE document_versions ADD `name` varchar(255) DEFAULT NULL[0m
  [4;35;1mSQL (0.001601)[0m   [0mALTER TABLE document_versions ADD `body` text DEFAULT NULL[0m
  [4;36;1mSQL (0.001703)[0m   [0;1mALTER TABLE document_versions ADD `html` text DEFAULT NULL[0m
  [4;35;1mSQL (0.001634)[0m   [0mALTER TABLE document_versions ADD `updated_at` datetime[0m
  [4;36;1mSQL (0.000146)[0m   [0;1mUPDATE schema_info SET version = 8[0m
  [4;35;1mSQL (0.000150)[0m   [0mSELECT version FROM schema_info[0m
Migrating to AddDetailsToDocument (9)
  [4;36;1mSQL (0.001732)[0m   [0;1mALTER TABLE documents ADD `user_id` int(11)[0m
  [4;35;1mSQL (0.003793)[0m   [0mALTER TABLE documents ADD `administrator_only` tinyint(1)[0m
  [4;36;1mSQL (0.005580)[0m   [0;1mALTER TABLE document_versions ADD `user_id` int(11)[0m
  [4;35;1mSQL (0.001795)[0m   [0mALTER TABLE document_versions ADD `administrator_only` varchar(255)[0m
  [4;36;1mSQL (0.000126)[0m   [0;1mUPDATE schema_info SET version = 9[0m
  [4;35;1mSQL (0.000114)[0m   [0mSELECT version FROM schema_info[0m
Migrating to AddExDirectory (10)
  [4;36;1mSQL (0.001757)[0m   [0;1mALTER TABLE lists ADD `ex_directory` tinyint(1) DEFAULT 0[0m
  [4;35;1mSQL (0.000123)[0m   [0mUPDATE schema_info SET version = 10[0m
  [4;36;1mSQL (0.000100)[0m   [0;1mSELECT version FROM schema_info[0m
Migrating to AddImportColumns (11)
  [4;35;1mSQL (0.001931)[0m   [0mALTER TABLE talks ADD `old_id` int(11)[0m
  [4;36;1mSQL (0.001732)[0m   [0;1mALTER TABLE users ADD `old_id` int(11)[0m
  [4;35;1mSQL (0.001727)[0m   [0mALTER TABLE lists ADD `old_id` int(11)[0m
  [4;36;1mSQL (0.000115)[0m   [0;1mUPDATE schema_info SET version = 11[0m
  [4;35;1mSQL (0.000097)[0m   [0mSELECT version FROM schema_info[0m
Migrating to RefactorRelationships (12)
  [4;36;1mSQL (0.000752)[0m   [0;1mCREATE TABLE list_lists (`id` int(11) DEFAULT NULL auto_increment PRIMARY KEY, `list_id` int(11) DEFAULT NULL, `child_id` int(11) DEFAULT NULL, `dependency` varchar(255) DEFAULT NULL) ENGINE=InnoDB[0m
  [4;35;1mSQL (0.000680)[0m   [0mCREATE TABLE list_talks (`id` int(11) DEFAULT NULL auto_increment PRIMARY KEY, `list_id` int(11) DEFAULT NULL, `talk_id` int(11) DEFAULT NULL, `dependency` varchar(255) DEFAULT NULL) ENGINE=InnoDB[0m
  [4;36;1mSQL (0.000211)[0m   [0;1mselect * from lists_lists where result_of_direct_parent_id[0m
  [4;35;1mSQL (0.000152)[0m   [0mselect * from lists_talks[0m
  [4;36;1mSQL (0.000589)[0m   [0;1mDROP TABLE lists_lists[0m
  [4;35;1mSQL (0.000449)[0m   [0mDROP TABLE lists_talks[0m
  [4;36;1mSQL (0.000105)[0m   [0;1mUPDATE schema_info SET version = 12[0m
  [4;35;1mSQL (0.000092)[0m   [0mSELECT version FROM schema_info[0m
Migrating to AddLastLoginToUser (13)
  [4;36;1mSQL (0.002694)[0m   [0;1mALTER TABLE users ADD `last_login` datetime[0m
  [4;35;1mSQL (0.000111)[0m   [0mUPDATE schema_info SET version = 13[0m
  [4;36;1mSQL (0.000092)[0m   [0;1mSELECT version FROM schema_info[0m
Migrating to AddDatabaseIndexes (14)
  [4;35;1mSQL (0.001783)[0m   [0mCREATE INDEX `index_documents_on_name` ON documents (`name`)[0m
  [4;36;1mSQL (0.058646)[0m   [0;1mCREATE INDEX `index_email_subscriptions_on_user_id` ON email_subscriptions (`user_id`)[0m
  [4;35;1mSQL (0.001974)[0m   [0mCREATE INDEX `index_email_subscriptions_on_list_id` ON email_subscriptions (`list_id`)[0m
  [4;36;1mSQL (0.001684)[0m   [0;1mCREATE INDEX `index_list_lists_on_list_id` ON list_lists (`list_id`)[0m
  [4;35;1mSQL (0.001872)[0m   [0mCREATE INDEX `index_list_lists_on_child_id` ON list_lists (`child_id`)[0m
  [4;36;1mSQL (0.001715)[0m   [0;1mCREATE INDEX `index_list_talks_on_list_id` ON list_talks (`list_id`)[0m
  [4;35;1mSQL (0.001878)[0m   [0mCREATE INDEX `index_list_talks_on_talk_id` ON list_talks (`talk_id`)[0m
  [4;36;1mSQL (0.001824)[0m   [0;1mCREATE INDEX `index_lists_on_name` ON lists (`name`)[0m
  [4;35;1mSQL (0.001945)[0m   [0mCREATE INDEX `index_lists_on_ex_directory` ON lists (`ex_directory`)[0m
  [4;36;1mSQL (0.001692)[0m   [0;1mCREATE INDEX `index_lists_users_on_list_id` ON lists_users (`list_id`)[0m
  [4;35;1mSQL (0.001789)[0m   [0mCREATE INDEX `index_lists_users_on_user_id` ON lists_users (`user_id`)[0m
  [4;36;1mSQL (0.001758)[0m   [0;1mCREATE INDEX `index_related_lists_on_related_id_and_related_type` ON related_lists (`related_id`, `related_type`)[0m
  [4;35;1mSQL (0.001914)[0m   [0mCREATE INDEX `index_related_lists_on_list_id` ON related_lists (`list_id`)[0m
  [4;36;1mSQL (0.001994)[0m   [0;1mCREATE INDEX `index_related_lists_on_score` ON related_lists (`score`)[0m
  [4;35;1mSQL (0.001783)[0m   [0mCREATE INDEX `index_related_talks_on_related_id_and_related_type` ON related_talks (`related_id`, `related_type`)[0m
  [4;36;1mSQL (0.001838)[0m   [0;1mCREATE INDEX `index_related_talks_on_talk_id` ON related_talks (`talk_id`)[0m
  [4;35;1mSQL (0.001999)[0m   [0mCREATE INDEX `index_related_talks_on_score` ON related_talks (`score`)[0m
  [4;36;1mSQL (0.001943)[0m   [0;1mCREATE INDEX `index_talks_on_start_time` ON talks (`start_time`)[0m
  [4;35;1mSQL (0.002033)[0m   [0mCREATE INDEX `index_talks_on_end_time` ON talks (`end_time`)[0m
  [4;36;1mSQL (0.002175)[0m   [0;1mCREATE INDEX `index_talks_on_series_id` ON talks (`series_id`)[0m
  [4;35;1mSQL (0.002377)[0m   [0mCREATE INDEX `index_talks_on_speaker_id` ON talks (`speaker_id`)[0m
  [4;36;1mSQL (0.002361)[0m   [0;1mCREATE INDEX `index_talks_on_organiser_id` ON talks (`organiser_id`)[0m
  [4;35;1mSQL (0.001833)[0m   [0mCREATE INDEX `index_users_on_email` ON users (`email`)[0m
  [4;36;1mSQL (0.000165)[0m   [0;1mUPDATE schema_info SET version = 14[0m
  [4;35;1mSQL (0.000137)[0m   [0mSELECT version FROM schema_info[0m
Migrating to AddExDirectoryToTalk (15)
  [4;36;1mSQL (0.002451)[0m   [0;1mALTER TABLE talks ADD `ex_directory` tinyint(1) DEFAULT 0[0m
  [4;35;1mSQL (0.000122)[0m   [0mUPDATE schema_info SET version = 15[0m
  [4;36;1mSQL (0.000099)[0m   [0;1mSELECT version FROM schema_info[0m
Migrating to RefactorCustomView (16)
  [4;35;1mSQL (0.001946)[0m   [0mALTER TABLE custom_views ADD `old_id` int(11)[0m
  [4;36;1mSQL (0.001858)[0m   [0;1mALTER TABLE custom_views ADD `view_parameters` varchar(255)[0m
  [4;35;1mSQL (0.001916)[0m   [0mALTER TABLE custom_views DROP `layout`[0m
  [4;36;1mSQL (0.001813)[0m   [0;1mALTER TABLE custom_views DROP `action`[0m
  [4;35;1mSQL (0.001841)[0m   [0mALTER TABLE custom_views DROP `limit_numbers`[0m
  [4;36;1mSQL (0.001779)[0m   [0;1mALTER TABLE custom_views DROP `limit_period`[0m
  [4;35;1mSQL (0.001802)[0m   [0mALTER TABLE custom_views DROP `seconds_before_today`[0m
  [4;36;1mSQL (0.001756)[0m   [0;1mALTER TABLE custom_views DROP `seconds_after_today`[0m
  [4;35;1mSQL (0.001755)[0m   [0mALTER TABLE custom_views DROP `limit_date`[0m
  [4;36;1mSQL (0.001747)[0m   [0;1mALTER TABLE custom_views DROP `start_seconds`[0m
  [4;35;1mSQL (0.001708)[0m   [0mALTER TABLE custom_views DROP `end_seconds`[0m
  [4;36;1mSQL (0.000139)[0m   [0;1mUPDATE schema_info SET version = 16[0m
  [4;35;1mSQL (0.000110)[0m   [0mSELECT version FROM schema_info[0m
Migrating to AddCrsidToUser (17)
  [4;36;1mSQL (0.001841)[0m   [0;1mALTER TABLE users ADD `crsid` varchar(255)[0m
  [4;35;1mSQL (0.001922)[0m   [0mCREATE INDEX `index_users_on_crsid` ON users (`crsid`)[0m
  [4;36;1mSQL (0.000118)[0m   [0;1mUPDATE schema_info SET version = 17[0m
  [4;35;1mSQL (0.000097)[0m   [0mSELECT version FROM schema_info[0m
Migrating to ExtendAffiliationColumn (18)
  [4;36;1mSQL (0.000511)[0m   [0;1mSHOW COLUMNS FROM users LIKE 'affiliation'[0m
  [4;35;1mSQL (0.001972)[0m   [0mALTER TABLE users CHANGE affiliation affiliation varchar(75) DEFAULT NULL[0m
  [4;36;1mSQL (0.000118)[0m   [0;1mUPDATE schema_info SET version = 18[0m
  [4;35;1mSQL (0.000094)[0m   [0mSELECT version FROM schema_info[0m
Migrating to RemoveDefaultFromTalk (19)
  [4;36;1mSQL (0.002534)[0m   [0;1mALTER TABLE talks CHANGE title title varchar(255) DEFAULT ''[0m
  [4;35;1mSQL (0.000115)[0m   [0mUPDATE schema_info SET version = 19[0m
  [4;36;1mSQL (0.000097)[0m   [0;1mSELECT version FROM schema_info[0m
Migrating to AddSessions (20)
  [4;35;1mSQL (0.000768)[0m   [0mCREATE TABLE sessions (`id` int(11) DEFAULT NULL auto_increment PRIMARY KEY, `session_id` varchar(255) DEFAULT NULL, `data` text DEFAULT NULL, `updated_at` datetime DEFAULT NULL) ENGINE=InnoDB[0m
  [4;36;1mSQL (0.001707)[0m   [0;1mCREATE INDEX `index_sessions_on_session_id` ON sessions (`session_id`)[0m
  [4;35;1mSQL (0.000111)[0m   [0mUPDATE schema_info SET version = 20[0m
  [4;36;1mSQL (0.000094)[0m   [0;1mSELECT version FROM schema_info[0m
Migrating to CreateImages (21)
  [4;35;1mSQL (0.000000)[0m   [0mMysql::Error: Unknown table 'images': DROP TABLE images[0m
  [4;36;1mSQL (0.000669)[0m   [0;1mCREATE TABLE images (`id` int(11) DEFAULT NULL auto_increment PRIMARY KEY, `data` blob NOT NULL, `created_at` datetime DEFAULT NULL) ENGINE=InnoDB[0m
  [4;35;1mSQL (0.001638)[0m   [0mALTER TABLE `images` MODIFY `data` MEDIUMBLOB[0m
  [4;36;1mSQL (0.000108)[0m   [0;1mUPDATE schema_info SET version = 21[0m
  [4;35;1mSQL (0.000095)[0m   [0mSELECT version FROM schema_info[0m
Migrating to NewImageRelations (22)
  [4;36;1mSQL (0.002533)[0m   [0;1mALTER TABLE talks ADD `image_id` int(11)[0m
  [4;35;1mSQL (0.002014)[0m   [0mALTER TABLE lists ADD `image_id` int(11)[0m
  [4;36;1mSQL (0.002001)[0m   [0;1mALTER TABLE users ADD `image_id` int(11)[0m
  [4;35;1mSQL (0.000123)[0m   [0mUPDATE schema_info SET version = 22[0m
  [4;36;1mSQL (0.000102)[0m   [0;1mSELECT version FROM schema_info[0m
Migrating to ReworkListLinks (23)
  [4;35;1mListList Delete all (0.005264)[0m   [0mDELETE FROM list_lists WHERE (dependency is not null) [0m
  [4;36;1mListTalk Delete all (0.000153)[0m   [0;1mDELETE FROM list_talks WHERE (dependency is not null) [0m
  [4;35;1mListList Load (0.000138)[0m   [0mSELECT * FROM list_lists [0m
  [4;36;1mSQL (0.000114)[0m   [0;1mUPDATE schema_info SET version = 23[0m
  [4;35;1mSQL (0.000098)[0m   [0mSELECT version FROM schema_info[0m
Migrating to AddCreatedAtAndUpdatedAtToList (24)
  [4;36;1mSQL (0.002280)[0m   [0;1mALTER TABLE lists ADD `created_at` datetime[0m
  [4;35;1mSQL (0.001968)[0m   [0mALTER TABLE lists ADD `updated_at` datetime[0m
  [4;36;1mSQL (0.000122)[0m   [0;1mUPDATE schema_info SET version = 24[0m
  [4;35;1mSQL (0.000114)[0m   [0mSELECT version FROM schema_info[0m
Migrating to DropImageFieldFromModels (25)
  [4;36;1mSQL (0.007812)[0m   [0;1mALTER TABLE users DROP `image`[0m
  [4;35;1mSQL (0.002455)[0m   [0mALTER TABLE talks DROP `image`[0m
  [4;36;1mSQL (0.002015)[0m   [0;1mALTER TABLE lists DROP `image`[0m
  [4;35;1mSQL (0.000133)[0m   [0mUPDATE schema_info SET version = 25[0m
  [4;36;1mSQL (0.000112)[0m   [0;1mSELECT version FROM schema_info[0m
Migrating to CreateTickles (26)
  [4;35;1mSQL (0.000847)[0m   [0mCREATE TABLE tickles (`id` int(11) DEFAULT NULL auto_increment PRIMARY KEY, `created_at` datetime DEFAULT NULL, `about_id` int(11) DEFAULT NULL, `about_type` varchar(255) DEFAULT NULL, `sender_id` int(11) DEFAULT NULL, `recipient_email` text DEFAULT NULL, `sender_email` varchar(255) DEFAULT NULL, `sender_name` varchar(255) DEFAULT NULL, `sender_ip` varchar(255) DEFAULT NULL) ENGINE=InnoDB[0m
  [4;36;1mSQL (0.000108)[0m   [0;1mUPDATE schema_info SET version = 26[0m
  [4;35;1mSQL (0.000097)[0m   [0mSELECT version FROM schema_info[0m
Migrating to GiveUserANameForSort (27)
  [4;36;1mSQL (0.002099)[0m   [0;1mALTER TABLE users ADD `name_in_sort_order` varchar(255)[0m
  [4;35;1mSQL (0.002013)[0m   [0mALTER TABLE users ADD `ex_directory` tinyint(1) DEFAULT 1[0m
  [4;36;1mSQL (0.002007)[0m   [0;1mALTER TABLE users ADD `created_at` time[0m
  [4;35;1mSQL (0.001961)[0m   [0mALTER TABLE users ADD `updated_at` time[0m
  [4;36;1mSQL (0.002067)[0m   [0;1mCREATE INDEX `index_users_on_name_in_sort_order` ON users (`name_in_sort_order`)[0m
  [4;35;1mSQL (0.000118)[0m   [0mUPDATE schema_info SET version = 27[0m
  [4;36;1mSQL (0.000108)[0m   [0;1mSELECT version FROM schema_info[0m
Migrating to CreateListUsers (28)
  [4;35;1mSQL (0.000407)[0m   [0mRENAME TABLE lists_users TO list_users[0m
  [4;36;1mSQL (0.001920)[0m   [0;1mALTER TABLE list_users ADD `id` int(11) DEFAULT NULL auto_increment PRIMARY KEY[0m
  [4;35;1mSQL (0.000115)[0m   [0mUPDATE schema_info SET version = 28[0m
  [4;36;1mSQL (0.000108)[0m   [0;1mSELECT * FROM schema_info[0m
  [4;35;1mSQL (0.000214)[0m   [0mSHOW TABLES[0m
  [4;36;1mSQL (0.000565)[0m   [0;1mSHOW FIELDS FROM custom_views[0m
  [4;35;1mSQL (0.002387)[0m   [0mSHOW KEYS FROM custom_views[0m
  [4;36;1mSQL (0.000548)[0m   [0;1mSHOW FIELDS FROM document_versions[0m
  [4;35;1mSQL (0.000155)[0m   [0mSHOW KEYS FROM document_versions[0m
  [4;36;1mSQL (0.000509)[0m   [0;1mSHOW FIELDS FROM documents[0m
  [4;35;1mSQL (0.000166)[0m   [0mSHOW KEYS FROM documents[0m
  [4;36;1mSQL (0.000417)[0m   [0;1mSHOW FIELDS FROM email_subscriptions[0m
  [4;35;1mSQL (0.000179)[0m   [0mSHOW KEYS FROM email_subscriptions[0m
  [4;36;1mSQL (0.000418)[0m   [0;1mSHOW FIELDS FROM images[0m
  [4;35;1mSQL (0.000153)[0m   [0mSHOW KEYS FROM images[0m
  [4;36;1mSQL (0.000394)[0m   [0;1mSHOW FIELDS FROM list_lists[0m
  [4;35;1mSQL (0.000186)[0m   [0mSHOW KEYS FROM list_lists[0m
  [4;36;1mSQL (0.000394)[0m   [0;1mSHOW FIELDS FROM list_talks[0m
  [4;35;1mSQL (0.000178)[0m   [0mSHOW KEYS FROM list_talks[0m
  [4;36;1mSQL (0.000414)[0m   [0;1mSHOW FIELDS FROM list_users[0m
  [4;35;1mSQL (0.000175)[0m   [0mSHOW KEYS FROM list_users[0m
  [4;36;1mSQL (0.000578)[0m   [0;1mSHOW FIELDS FROM lists[0m
  [4;35;1mSQL (0.000179)[0m   [0mSHOW KEYS FROM lists[0m
  [4;36;1mSQL (0.040430)[0m   [0;1mSHOW FIELDS FROM related_lists[0m
  [4;35;1mSQL (0.000480)[0m   [0mSHOW KEYS FROM related_lists[0m
  [4;36;1mSQL (0.000611)[0m   [0;1mSHOW FIELDS FROM related_talks[0m
  [4;35;1mSQL (0.000197)[0m   [0mSHOW KEYS FROM related_talks[0m
  [4;36;1mSQL (0.000460)[0m   [0;1mSHOW FIELDS FROM sessions[0m
  [4;35;1mSQL (0.000173)[0m   [0mSHOW KEYS FROM sessions[0m
  [4;36;1mSQL (0.000747)[0m   [0;1mSHOW FIELDS FROM talks[0m
  [4;35;1mSQL (0.000220)[0m   [0mSHOW KEYS FROM talks[0m
  [4;36;1mSQL (0.000556)[0m   [0;1mSHOW FIELDS FROM tickles[0m
  [4;35;1mSQL (0.000154)[0m   [0mSHOW KEYS FROM tickles[0m
  [4;36;1mSQL (0.000675)[0m   [0;1mSHOW FIELDS FROM users[0m
  [4;35;1mSQL (0.000190)[0m   [0mSHOW KEYS FROM users[0m


Processing SearchController#index (for 149.157.243.129 at 2010-03-25 11:45:12) [GET]
  Session ID: f67421e4ea508d7d06e4313323035fcf
  Parameters: {"action"=>"index", "controller"=>"search"}
  [4;36;1mList Columns (0.000801)[0m   [0;1mSHOW FIELDS FROM lists[0m
  [4;35;1mList Load (0.000284)[0m   [0mSELECT * FROM lists WHERE (lists.`name` = 'Featured talks') LIMIT 1[0m
  [4;36;1mSQL (0.000059)[0m   [0;1mBEGIN[0m
  [4;35;1mSQL (0.000195)[0m   [0mINSERT INTO lists (`image_id`, `name`, `created_at`, `ex_directory`, `details`, `details_filtered`, `updated_at`, `type`, `old_id`) VALUES(NULL, 'Featured talks', '2010-03-25 11:45:13', 0, NULL, NULL, '2010-03-25 11:45:13', NULL, NULL)[0m
  [4;36;1mRelatedTalk Columns (0.000693)[0m   [0;1mSHOW FIELDS FROM related_talks[0m
  [4;35;1mTalk Columns (0.000718)[0m   [0mSHOW FIELDS FROM talks[0m
  [4;36;1mRelatedTalk Load Including Associations (0.000429)[0m   [0;1mSELECT related_talks.`id` AS t0_r0, related_talks.`related_id` AS t0_r1, related_talks.`related_type` AS t0_r2, related_talks.`talk_id` AS t0_r3, related_talks.`score` AS t0_r4, talks.`id` AS t1_r0, talks.`title` AS t1_r1, talks.`abstract` AS t1_r2, talks.`special_message` AS t1_r3, talks.`start_time` AS t1_r4, talks.`end_time` AS t1_r5, talks.`name_of_speaker` AS t1_r6, talks.`speaker_id` AS t1_r7, talks.`series_id` AS t1_r8, talks.`venue_id` AS t1_r9, talks.`created_at` AS t1_r10, talks.`updated_at` AS t1_r11, talks.`abstract_filtered` AS t1_r12, talks.`organiser_id` AS t1_r13, talks.`old_id` AS t1_r14, talks.`ex_directory` AS t1_r15, talks.`image_id` AS t1_r16 FROM related_talks LEFT OUTER JOIN talks ON talks.id = related_talks.talk_id WHERE (related_talks.related_id = 1 AND related_talks.related_type = 'List') ORDER BY score DESC[0m
  [4;35;1mTalk Load (0.000462)[0m   [0mSELECT * FROM talks WHERE (ex_directory = 0 AND title != 'Title to be confirmed') AND (id != 1 AND start_time > '2010-03-25 11:45:13') ORDER BY RAND() LIMIT 6[0m
  [4;36;1mRelatedList Columns (0.000490)[0m   [0;1mSHOW FIELDS FROM related_lists[0m
  [4;35;1mRelatedList Load Including Associations (0.000254)[0m   [0mSELECT related_lists.`id` AS t0_r0, related_lists.`related_id` AS t0_r1, related_lists.`related_type` AS t0_r2, related_lists.`list_id` AS t0_r3, related_lists.`score` AS t0_r4, lists.`id` AS t1_r0, lists.`name` AS t1_r1, lists.`details` AS t1_r2, lists.`type` AS t1_r3, lists.`details_filtered` AS t1_r4, lists.`ex_directory` AS t1_r5, lists.`old_id` AS t1_r6, lists.`image_id` AS t1_r7, lists.`created_at` AS t1_r8, lists.`updated_at` AS t1_r9 FROM related_lists LEFT OUTER JOIN lists ON lists.id = related_lists.list_id WHERE (related_lists.related_id = 1 AND related_lists.related_type = 'List') ORDER BY score DESC[0m
  [4;36;1mList Load (0.000414)[0m   [0;1mSELECT * FROM lists WHERE (ex_directory = 0 AND (type is null OR type != 'Venue') AND name != 'Name to be confirmed') AND (id != 1) ORDER BY RAND() LIMIT 3[0m
  [4;35;1mTalk Load (0.000192)[0m   [0mSELECT * FROM talks WHERE (talks.series_id = 1) [0m
  [4;36;1mSQL (0.000388)[0m   [0;1mCOMMIT[0m
  [4;35;1mList Load (0.000175)[0m   [0mSELECT * FROM lists WHERE (lists.`name` = 'Featured lists') LIMIT 1[0m
  [4;36;1mSQL (0.000057)[0m   [0;1mBEGIN[0m
  [4;35;1mSQL (0.000167)[0m   [0mINSERT INTO lists (`image_id`, `name`, `created_at`, `ex_directory`, `details`, `details_filtered`, `updated_at`, `type`, `old_id`) VALUES(NULL, 'Featured lists', '2010-03-25 11:45:13', 0, NULL, NULL, '2010-03-25 11:45:13', NULL, NULL)[0m
  [4;36;1mRelatedTalk Load Including Associations (0.000275)[0m   [0;1mSELECT related_talks.`id` AS t0_r0, related_talks.`related_id` AS t0_r1, related_talks.`related_type` AS t0_r2, related_talks.`talk_id` AS t0_r3, related_talks.`score` AS t0_r4, talks.`id` AS t1_r0, talks.`title` AS t1_r1, talks.`abstract` AS t1_r2, talks.`special_message` AS t1_r3, talks.`start_time` AS t1_r4, talks.`end_time` AS t1_r5, talks.`name_of_speaker` AS t1_r6, talks.`speaker_id` AS t1_r7, talks.`series_id` AS t1_r8, talks.`venue_id` AS t1_r9, talks.`created_at` AS t1_r10, talks.`updated_at` AS t1_r11, talks.`abstract_filtered` AS t1_r12, talks.`organiser_id` AS t1_r13, talks.`old_id` AS t1_r14, talks.`ex_directory` AS t1_r15, talks.`image_id` AS t1_r16 FROM related_talks LEFT OUTER JOIN talks ON talks.id = related_talks.talk_id WHERE (related_talks.related_id = 2 AND related_talks.related_type = 'List') ORDER BY score DESC[0m
  [4;35;1mTalk Load (0.000429)[0m   [0mSELECT * FROM talks WHERE (ex_directory = 0 AND title != 'Title to be confirmed') AND (id != 2 AND start_time > '2010-03-25 11:45:13') ORDER BY RAND() LIMIT 6[0m
  [4;36;1mRelatedList Load Including Associations (0.000217)[0m   [0;1mSELECT related_lists.`id` AS t0_r0, related_lists.`related_id` AS t0_r1, related_lists.`related_type` AS t0_r2, related_lists.`list_id` AS t0_r3, related_lists.`score` AS t0_r4, lists.`id` AS t1_r0, lists.`name` AS t1_r1, lists.`details` AS t1_r2, lists.`type` AS t1_r3, lists.`details_filtered` AS t1_r4, lists.`ex_directory` AS t1_r5, lists.`old_id` AS t1_r6, lists.`image_id` AS t1_r7, lists.`created_at` AS t1_r8, lists.`updated_at` AS t1_r9 FROM related_lists LEFT OUTER JOIN lists ON lists.id = related_lists.list_id WHERE (related_lists.related_id = 2 AND related_lists.related_type = 'List') ORDER BY score DESC[0m
  [4;35;1mList Load (0.000462)[0m   [0mSELECT * FROM lists WHERE (ex_directory = 0 AND (type is null OR type != 'Venue') AND name != 'Name to be confirmed') AND (id != 2) ORDER BY RAND() LIMIT 3[0m
  [4;36;1mSQL (0.000124)[0m   [0;1mINSERT INTO related_lists (`related_type`, `list_id`, `related_id`, `score`) VALUES('List', 1, 2, NULL)[0m
  [4;35;1mTalk Load (0.000193)[0m   [0mSELECT * FROM talks WHERE (talks.series_id = 2) [0m
  [4;36;1mSQL (0.000201)[0m   [0;1mCOMMIT[0m
  [4;35;1mList Load (0.000525)[0m   [0mSELECT DISTINCT lists.* FROM lists INNER JOIN list_lists ON lists.id = list_lists.child_id WHERE ((list_lists.list_id = 2) AND (dependency IS NULL)) [0m
  [4;36;1mDocument Columns (0.000541)[0m   [0;1mSHOW FIELDS FROM documents[0m
  [4;35;1mDocument Load (0.000187)[0m   [0mSELECT * FROM documents WHERE (documents.`name` = 'Message of the Day') LIMIT 1[0m
  [4;36;1mSQL (0.000058)[0m   [0;1mBEGIN[0m
  [4;35;1mDocument Load (0.000152)[0m   [0mSELECT * FROM documents WHERE (documents.name = 'Message of the Day') LIMIT 1[0m
  [4;36;1mSQL (0.000156)[0m   [0;1mINSERT INTO documents (`html`, `name`, `body`, `user_id`, `version`, `administrator_only`) VALUES(NULL, 'message of the day', NULL, NULL, 1, NULL)[0m
  [4;35;1mDocument::Version Columns (0.000541)[0m   [0mSHOW FIELDS FROM document_versions[0m
  [4;36;1mSQL (0.000127)[0m   [0;1mINSERT INTO document_versions (`document_id`, `html`, `name`, `body`, `updated_at`, `user_id`, `version`, `administrator_only`) VALUES(1, NULL, 'message of the day', NULL, '2010-03-25 11:45:13', NULL, 1, NULL)[0m
  [4;35;1mSQL (0.000200)[0m   [0mCOMMIT[0m
Rendering  within layouts/front
Rendering search/index
Rendered search/_search (0.00292)
Start rendering component ({:action=>"simplewithlogo", :params=>{:limit=>12, :layout=>"empty"}, :controller=>"show", :id=>1}): 


Processing ShowController#simplewithlogo (for 149.157.243.129 at 2010-03-25 11:45:13) [GET]
  Session ID: f67421e4ea508d7d06e4313323035fcf
  Parameters: {"layout"=>"empty", "action"=>"simplewithlogo", "id"=>1, "controller"=>"show", "limit"=>12}
  [4;36;1mList Load (0.000299)[0m   [0;1mSELECT * FROM lists WHERE (lists.`id` = 1) [0m
  [4;35;1mTalk Load (0.000912)[0m   [0mSELECT DISTINCT talks.* FROM talks INNER JOIN list_talks ON talks.id = list_talks.talk_id WHERE ((list_talks.list_id = 1) AND (start_time > '2010-03-25 00:00:00')) ORDER BY start_time ASC LIMIT 12[0m
Rendering  within layouts/empty
Rendering show/simplewithlogo
Completed in 0.02082 (48 reqs/sec) | Rendering: 0.01003 (48%) | DB: 0.00121 (5%) | 200 OK [http://talks.cs.nuim.ie/]


End of component rendering
Rendered search/_leftbar (0.01764)
Completed in 0.27454 (3 reqs/sec) | Rendering: 0.10220 (37%) | DB: 0.01017 (3%) | 200 OK [http://talks.cs.nuim.ie/]


Processing SearchController#index (for 149.157.248.72 at 2010-03-25 11:56:55) [GET]
  Session ID: 24991d40fe7bb9afc1ddda1de1935304
  Parameters: {"action"=>"index", "controller"=>"search"}
  [4;36;1mList Columns (0.000887)[0m   [0;1mSHOW FIELDS FROM lists[0m
  [4;35;1mList Load (0.000282)[0m   [0mSELECT * FROM lists WHERE (lists.`name` = 'Featured talks') LIMIT 1[0m
  [4;36;1mList Load (0.000165)[0m   [0;1mSELECT * FROM lists WHERE (lists.`name` = 'Featured lists') LIMIT 1[0m
  [4;35;1mList Load (0.000093)[0m   [0mSELECT DISTINCT lists.* FROM lists INNER JOIN list_lists ON lists.id = list_lists.child_id WHERE ((list_lists.list_id = 2) AND (dependency IS NULL)) [0m
  [4;36;1mDocument Columns (0.000617)[0m   [0;1mSHOW FIELDS FROM documents[0m
  [4;35;1mDocument Load (0.000236)[0m   [0mSELECT * FROM documents WHERE (documents.`name` = 'Message of the Day') LIMIT 1[0m
Rendering  within layouts/front
Rendering search/index
Rendered search/_search (0.00231)
Start rendering component ({:action=>"simplewithlogo", :params=>{:limit=>12, :layout=>"empty"}, :controller=>"show", :id=>1}): 


Processing ShowController#simplewithlogo (for 149.157.248.72 at 2010-03-25 11:56:55) [GET]
  Session ID: 24991d40fe7bb9afc1ddda1de1935304
  Parameters: {"layout"=>"empty", "action"=>"simplewithlogo", "id"=>1, "controller"=>"show", "limit"=>12}
  [4;36;1mList Load (0.000108)[0m   [0;1mSELECT * FROM lists WHERE (lists.`id` = 1) [0m
  [4;35;1mTalk Load (0.000147)[0m   [0mSELECT DISTINCT talks.* FROM talks INNER JOIN list_talks ON talks.id = list_talks.talk_id WHERE ((list_talks.list_id = 1) AND (start_time > '2010-03-25 00:00:00')) ORDER BY start_time ASC LIMIT 12[0m
Rendering  within layouts/empty
Rendering show/simplewithlogo
Completed in 0.02116 (47 reqs/sec) | Rendering: 0.00070 (3%) | DB: 0.00026 (1%) | 200 OK [http://talks.cs.nuim.ie/]


End of component rendering
Rendered search/_leftbar (0.00406)
Completed in 0.15163 (6 reqs/sec) | Rendering: 0.04262 (28%) | DB: 0.00228 (1%) | 200 OK [http://talks.cs.nuim.ie/]


Processing DocumentController#show (for 149.157.248.72 at 2010-03-25 11:57:12) [GET]
  Session ID: 24991d40fe7bb9afc1ddda1de1935304
  Parameters: {"name"=>"Help with icalendar", "action"=>"show", "controller"=>"document"}
DEPRECATION WARNING: @params is deprecated! Call params.[] instead of @params.[]. Args: [:name]  See http://www.rubyonrails.org/deprecation for details. (called from find_document_for_name at ./script/../config/../app/controllers/document_controller.rb:16)
  [4;36;1mDocument Columns (0.000727)[0m   [0;1mSHOW FIELDS FROM documents[0m
  [4;35;1mDocument Load (0.000230)[0m   [0mSELECT * FROM documents WHERE (documents.`name` = 'help with icalendar') LIMIT 1[0m
DEPRECATION WARNING: @params is deprecated! Call params.[] instead of @params.[]. Args: [:name]  See http://www.rubyonrails.org/deprecation for details. (called from show at ./script/../config/../app/controllers/document_controller.rb:20)
Redirected to http://talks.cs.nuim.ie:3000/document/Help+with+icalendar/edit
Completed in 0.02968 (33 reqs/sec) | DB: 0.00096 (3%) | 302 Found [http://talks.cs.nuim.ie/document/Help+with+icalendar]


Processing DocumentController#edit (for 149.157.248.72 at 2010-03-25 11:57:12) [GET]
  Session ID: 24991d40fe7bb9afc1ddda1de1935304
  Parameters: {"name"=>"Help with icalendar", "action"=>"edit", "controller"=>"document"}
DEPRECATION WARNING: @params is deprecated! Call params.[] instead of @params.[]. Args: [:name]  See http://www.rubyonrails.org/deprecation for details. (called from find_document_for_name at ./script/../config/../app/controllers/document_controller.rb:16)
  [4;36;1mDocument Columns (0.000753)[0m   [0;1mSHOW FIELDS FROM documents[0m
  [4;35;1mDocument Load (0.000073)[0m   [0mSELECT * FROM documents WHERE (documents.`name` = 'help with icalendar') LIMIT 1[0m
Redirected to http://talks.cs.nuim.ie:3000/login
Filter chain halted as [#<ActionController::Filters::ClassMethods::SymbolFilter:0x2b735d0b4630 @filter=:ensure_user_is_logged_in>] returned false.
Completed in 0.08833 (11 reqs/sec) | DB: 0.00083 (0%) | 302 Found [http://talks.cs.nuim.ie/document/Help+with+icalendar/edit]


Processing LoginController#index (for 149.157.248.72 at 2010-03-25 11:57:13) [GET]
  Session ID: 24991d40fe7bb9afc1ddda1de1935304
  Parameters: {"action"=>"index", "controller"=>"login"}
Rendering  within layouts/application
Rendering login/index
Rendered shared/_sidebox (0.00805)
Completed in 0.10050 (9 reqs/sec) | Rendering: 0.08364 (83%) | DB: 0.00000 (0%) | 200 OK [http://talks.cs.nuim.ie/login]


Processing DocumentController#show (for 149.157.248.72 at 2010-03-25 11:57:16) [GET]
  Session ID: 24991d40fe7bb9afc1ddda1de1935304
  Parameters: {"name"=>"Finding a talk", "action"=>"show", "controller"=>"document"}
DEPRECATION WARNING: @params is deprecated! Call params.[] instead of @params.[]. Args: [:name]  See http://www.rubyonrails.org/deprecation for details. (called from find_document_for_name at ./script/../config/../app/controllers/document_controller.rb:16)
  [4;36;1mDocument Columns (0.000747)[0m   [0;1mSHOW FIELDS FROM documents[0m
  [4;35;1mDocument Load (0.000255)[0m   [0mSELECT * FROM documents WHERE (documents.`name` = 'finding a talk') LIMIT 1[0m
DEPRECATION WARNING: @params is deprecated! Call params.[] instead of @params.[]. Args: [:name]  See http://www.rubyonrails.org/deprecation for details. (called from show at ./script/../config/../app/controllers/document_controller.rb:20)
Redirected to http://talks.cs.nuim.ie:3000/document/Finding+a+talk/edit
Completed in 0.02919 (34 reqs/sec) | DB: 0.00100 (3%) | 302 Found [http://talks.cs.nuim.ie/document/Finding+a+talk]


Processing DocumentController#edit (for 149.157.248.72 at 2010-03-25 11:57:16) [GET]
  Session ID: 24991d40fe7bb9afc1ddda1de1935304
  Parameters: {"name"=>"Finding a talk", "action"=>"edit", "controller"=>"document"}
DEPRECATION WARNING: @params is deprecated! Call params.[] instead of @params.[]. Args: [:name]  See http://www.rubyonrails.org/deprecation for details. (called from find_document_for_name at ./script/../config/../app/controllers/document_controller.rb:16)
  [4;36;1mDocument Columns (0.000738)[0m   [0;1mSHOW FIELDS FROM documents[0m
  [4;35;1mDocument Load (0.000074)[0m   [0mSELECT * FROM documents WHERE (documents.`name` = 'finding a talk') LIMIT 1[0m
Redirected to http://talks.cs.nuim.ie:3000/login
Filter chain halted as [#<ActionController::Filters::ClassMethods::SymbolFilter:0x2b735d4fab68 @filter=:ensure_user_is_logged_in>] returned false.
Completed in 0.02850 (35 reqs/sec) | DB: 0.00081 (2%) | 302 Found [http://talks.cs.nuim.ie/document/Finding+a+talk/edit]


Processing DocumentController#show (for 149.157.248.72 at 2010-03-25 11:57:22) [GET]
  Session ID: 24991d40fe7bb9afc1ddda1de1935304
  Parameters: {"name"=>"Adding a talk", "action"=>"show", "controller"=>"document"}
DEPRECATION WARNING: @params is deprecated! Call params.[] instead of @params.[]. Args: [:name]  See http://www.rubyonrails.org/deprecation for details. (called from find_document_for_name at ./script/../config/../app/controllers/document_controller.rb:16)
  [4;36;1mDocument Columns (0.000762)[0m   [0;1mSHOW FIELDS FROM documents[0m
  [4;35;1mDocument Load (0.000277)[0m   [0mSELECT * FROM documents WHERE (documents.`name` = 'adding a talk') LIMIT 1[0m
DEPRECATION WARNING: @params is deprecated! Call params.[] instead of @params.[]. Args: [:name]  See http://www.rubyonrails.org/deprecation for details. (called from show at ./script/../config/../app/controllers/document_controller.rb:20)
Redirected to http://talks.cs.nuim.ie:3000/document/Adding+a+talk/edit
Completed in 0.09213 (10 reqs/sec) | DB: 0.00104 (1%) | 302 Found [http://talks.cs.nuim.ie/document/Adding+a+talk]


Processing DocumentController#edit (for 149.157.248.72 at 2010-03-25 11:57:22) [GET]
  Session ID: 24991d40fe7bb9afc1ddda1de1935304
  Parameters: {"name"=>"Adding a talk", "action"=>"edit", "controller"=>"document"}
DEPRECATION WARNING: @params is deprecated! Call params.[] instead of @params.[]. Args: [:name]  See http://www.rubyonrails.org/deprecation for details. (called from find_document_for_name at ./script/../config/../app/controllers/document_controller.rb:16)
  [4;36;1mDocument Columns (0.000722)[0m   [0;1mSHOW FIELDS FROM documents[0m
  [4;35;1mDocument Load (0.000072)[0m   [0mSELECT * FROM documents WHERE (documents.`name` = 'adding a talk') LIMIT 1[0m
Redirected to http://talks.cs.nuim.ie:3000/login
Filter chain halted as [#<ActionController::Filters::ClassMethods::SymbolFilter:0x2b735d183ed0 @filter=:ensure_user_is_logged_in>] returned false.
Completed in 0.02879 (34 reqs/sec) | DB: 0.00079 (2%) | 302 Found [http://talks.cs.nuim.ie/document/Adding+a+talk/edit]


Processing DocumentController#show (for 149.157.248.72 at 2010-03-25 11:57:24) [GET]
  Session ID: 24991d40fe7bb9afc1ddda1de1935304
  Parameters: {"name"=>"Syndicating talks", "action"=>"show", "controller"=>"document"}
DEPRECATION WARNING: @params is deprecated! Call params.[] instead of @params.[]. Args: [:name]  See http://www.rubyonrails.org/deprecation for details. (called from find_document_for_name at ./script/../config/../app/controllers/document_controller.rb:16)
  [4;36;1mDocument Columns (0.000727)[0m   [0;1mSHOW FIELDS FROM documents[0m
  [4;35;1mDocument Load (0.000242)[0m   [0mSELECT * FROM documents WHERE (documents.`name` = 'syndicating talks') LIMIT 1[0m
DEPRECATION WARNING: @params is deprecated! Call params.[] instead of @params.[]. Args: [:name]  See http://www.rubyonrails.org/deprecation for details. (called from show at ./script/../config/../app/controllers/document_controller.rb:20)
Redirected to http://talks.cs.nuim.ie:3000/document/Syndicating+talks/edit
Completed in 0.03002 (33 reqs/sec) | DB: 0.00097 (3%) | 302 Found [http://talks.cs.nuim.ie/document/Syndicating+talks]


Processing DocumentController#edit (for 149.157.248.72 at 2010-03-25 11:57:24) [GET]
  Session ID: 24991d40fe7bb9afc1ddda1de1935304
  Parameters: {"name"=>"Syndicating talks", "action"=>"edit", "controller"=>"document"}
DEPRECATION WARNING: @params is deprecated! Call params.[] instead of @params.[]. Args: [:name]  See http://www.rubyonrails.org/deprecation for details. (called from find_document_for_name at ./script/../config/../app/controllers/document_controller.rb:16)
  [4;36;1mDocument Columns (0.000807)[0m   [0;1mSHOW FIELDS FROM documents[0m
  [4;35;1mDocument Load (0.000073)[0m   [0mSELECT * FROM documents WHERE (documents.`name` = 'syndicating talks') LIMIT 1[0m
Redirected to http://talks.cs.nuim.ie:3000/login
Filter chain halted as [#<ActionController::Filters::ClassMethods::SymbolFilter:0x2b735d5b9748 @filter=:ensure_user_is_logged_in>] returned false.
Completed in 0.02994 (33 reqs/sec) | DB: 0.00088 (2%) | 302 Found [http://talks.cs.nuim.ie/document/Syndicating+talks/edit]


Processing DocumentController#show (for 149.157.248.72 at 2010-03-25 11:57:25) [GET]
  Session ID: 24991d40fe7bb9afc1ddda1de1935304
  Parameters: {"name"=>"documentation", "action"=>"show", "controller"=>"document"}
DEPRECATION WARNING: @params is deprecated! Call params.[] instead of @params.[]. Args: [:name]  See http://www.rubyonrails.org/deprecation for details. (called from find_document_for_name at ./script/../config/../app/controllers/document_controller.rb:16)
  [4;36;1mDocument Columns (0.000740)[0m   [0;1mSHOW FIELDS FROM documents[0m
  [4;35;1mDocument Load (0.000248)[0m   [0mSELECT * FROM documents WHERE (documents.`name` = 'documentation') LIMIT 1[0m
DEPRECATION WARNING: @params is deprecated! Call params.[] instead of @params.[]. Args: [:name]  See http://www.rubyonrails.org/deprecation for details. (called from show at ./script/../config/../app/controllers/document_controller.rb:20)
Redirected to http://talks.cs.nuim.ie:3000/document/documentation/edit
Completed in 0.08808 (11 reqs/sec) | DB: 0.00099 (1%) | 302 Found [http://talks.cs.nuim.ie/document/documentation]


Processing DocumentController#edit (for 149.157.248.72 at 2010-03-25 11:57:25) [GET]
  Session ID: 24991d40fe7bb9afc1ddda1de1935304
  Parameters: {"name"=>"documentation", "action"=>"edit", "controller"=>"document"}
DEPRECATION WARNING: @params is deprecated! Call params.[] instead of @params.[]. Args: [:name]  See http://www.rubyonrails.org/deprecation for details. (called from find_document_for_name at ./script/../config/../app/controllers/document_controller.rb:16)
  [4;36;1mDocument Columns (0.000717)[0m   [0;1mSHOW FIELDS FROM documents[0m
  [4;35;1mDocument Load (0.000073)[0m   [0mSELECT * FROM documents WHERE (documents.`name` = 'documentation') LIMIT 1[0m
Redirected to http://talks.cs.nuim.ie:3000/login
Filter chain halted as [#<ActionController::Filters::ClassMethods::SymbolFilter:0x2b735d179098 @filter=:ensure_user_is_logged_in>] returned false.
Completed in 0.02648 (37 reqs/sec) | DB: 0.00079 (2%) | 302 Found [http://talks.cs.nuim.ie/document/documentation/edit]


Processing LoginController#go_to_raven (for 149.157.248.72 at 2010-03-25 11:57:31) [GET]
  Session ID: 24991d40fe7bb9afc1ddda1de1935304
  Parameters: {"action"=>"go_to_raven", "controller"=>"login"}
Redirected to https://raven.cam.ac.uk/auth/authenticate.html?ver=1;url=http%3A%2F%2Ftalks.cs.nuim.ie%3A3000%2Flogin%2Ffrom_raven;desc=the+talks.cam+website;msg=we+wish+to+track+who+makes+what+changes;iact=;aauth=;params=291507;fail=
Completed in 0.01919 (52 reqs/sec) | DB: 0.00000 (0%) | 302 Found [http://talks.cs.nuim.ie/login/go_to_raven]


Processing LoginController#not_raven_login (for 149.157.248.72 at 2010-03-25 11:57:51) [POST]
  Session ID: 24991d40fe7bb9afc1ddda1de1935304
  Parameters: {"commit"=>"Log in", "action"=>"not_raven_login", "controller"=>"login", "password"=>"[FILTERED]", "email"=>"barak@cs.nuim.ie"}
  [4;36;1mUser Columns (0.001064)[0m   [0;1mSHOW FIELDS FROM users[0m
  [4;35;1mUser Load (0.000284)[0m   [0mSELECT * FROM users WHERE (users.`email` = 'barak@cs.nuim.ie') LIMIT 1[0m
Rendering actionindexlayoutfalse within layouts/application
Rendering login/index
Rendered shared/_sidebox (0.00404)
Completed in 0.09238 (10 reqs/sec) | Rendering: 0.01415 (15%) | DB: 0.00135 (1%) | 200 OK [http://talks.cs.nuim.ie/login/not_raven_login]


Processing UserController#new (for 149.157.248.72 at 2010-03-25 11:57:53) [GET]
  Session ID: 24991d40fe7bb9afc1ddda1de1935304
  Parameters: {"action"=>"new", "controller"=>"user"}
Rendering  within layouts/application
Rendering user/new
Rendered shared/_sidebox (0.00461)
Completed in 0.03331 (30 reqs/sec) | Rendering: 0.01631 (48%) | DB: 0.00000 (0%) | 200 OK [http://talks.cs.nuim.ie/user/new]


Processing UserController#create (for 149.157.248.72 at 2010-03-25 11:58:05) [POST]
  Session ID: 24991d40fe7bb9afc1ddda1de1935304
  Parameters: {"commit"=>"Request an account", "action"=>"create", "controller"=>"user", "user"=>{"send_email"=>"1", "email"=>"barak@cs.nuim.ie"}}
  [4;36;1mUser Columns (0.001176)[0m   [0;1mSHOW FIELDS FROM users[0m
  [4;35;1mSQL (0.000078)[0m   [0mBEGIN[0m
  [4;36;1mUser Load (0.000321)[0m   [0;1mSELECT * FROM users WHERE (users.email = 'barak@cs.nuim.ie') LIMIT 1[0m
  [4;35;1mSQL (0.000225)[0m   [0mINSERT INTO users (`image_id`, `name`, `created_at`, `ex_directory`, `last_login`, `updated_at`, `administrator`, `affiliation`, `crsid`, `password`, `email`, `name_in_sort_order`, `old_id`) VALUES(NULL, NULL, '2010-03-25 11:58:05', 1, NULL, '2010-03-25 11:58:05', 0, NULL, NULL, 'ziGIrdgbBA', 'barak@cs.nuim.ie', '', NULL)[0m
  [4;36;1mList Columns (0.000718)[0m   [0;1mSHOW FIELDS FROM lists[0m
  [4;35;1mSQL (0.000241)[0m   [0mINSERT INTO lists (`image_id`, `name`, `created_at`, `ex_directory`, `details`, `details_filtered`, `updated_at`, `type`, `old_id`) VALUES(NULL, 'Your personal list', '2010-03-25 11:58:05', 1, 'A personal list of talks.', '<p>A personal list of talks.</p>', '2010-03-25 11:58:05', NULL, NULL)[0m
  [4;36;1mRelatedTalk Columns (0.000583)[0m   [0;1mSHOW FIELDS FROM related_talks[0m
  [4;35;1mTalk Columns (0.000719)[0m   [0mSHOW FIELDS FROM talks[0m
  [4;36;1mRelatedTalk Load Including Associations (0.000668)[0m   [0;1mSELECT related_talks.`id` AS t0_r0, related_talks.`related_id` AS t0_r1, related_talks.`related_type` AS t0_r2, related_talks.`talk_id` AS t0_r3, related_talks.`score` AS t0_r4, talks.`id` AS t1_r0, talks.`title` AS t1_r1, talks.`abstract` AS t1_r2, talks.`special_message` AS t1_r3, talks.`start_time` AS t1_r4, talks.`end_time` AS t1_r5, talks.`name_of_speaker` AS t1_r6, talks.`speaker_id` AS t1_r7, talks.`series_id` AS t1_r8, talks.`venue_id` AS t1_r9, talks.`created_at` AS t1_r10, talks.`updated_at` AS t1_r11, talks.`abstract_filtered` AS t1_r12, talks.`organiser_id` AS t1_r13, talks.`old_id` AS t1_r14, talks.`ex_directory` AS t1_r15, talks.`image_id` AS t1_r16 FROM related_talks LEFT OUTER JOIN talks ON talks.id = related_talks.talk_id WHERE (related_talks.related_id = 3 AND related_talks.related_type = 'List') ORDER BY score DESC[0m
  [4;35;1mTalk Load (0.000425)[0m   [0mSELECT * FROM talks WHERE (ex_directory = 0 AND title != 'Title to be confirmed') AND (id != 3 AND start_time > '2010-03-25 11:58:06') ORDER BY RAND() LIMIT 6[0m
  [4;36;1mRelatedList Columns (0.000705)[0m   [0;1mSHOW FIELDS FROM related_lists[0m
  [4;35;1mRelatedList Load Including Associations (0.000349)[0m   [0mSELECT related_lists.`id` AS t0_r0, related_lists.`related_id` AS t0_r1, related_lists.`related_type` AS t0_r2, related_lists.`list_id` AS t0_r3, related_lists.`score` AS t0_r4, lists.`id` AS t1_r0, lists.`name` AS t1_r1, lists.`details` AS t1_r2, lists.`type` AS t1_r3, lists.`details_filtered` AS t1_r4, lists.`ex_directory` AS t1_r5, lists.`old_id` AS t1_r6, lists.`image_id` AS t1_r7, lists.`created_at` AS t1_r8, lists.`updated_at` AS t1_r9 FROM related_lists LEFT OUTER JOIN lists ON lists.id = related_lists.list_id WHERE (related_lists.related_id = 3 AND related_lists.related_type = 'List') ORDER BY score DESC[0m
  [4;36;1mList Load (0.000473)[0m   [0;1mSELECT * FROM lists WHERE (ex_directory = 0 AND (type is null OR type != 'Venue') AND name != 'Name to be confirmed') AND (id != 3) ORDER BY RAND() LIMIT 3[0m
  [4;35;1mSQL (0.000296)[0m   [0mINSERT INTO related_lists (`related_type`, `list_id`, `related_id`, `score`) VALUES('List', 1, 3, NULL)[0m
  [4;36;1mSQL (0.000112)[0m   [0;1mINSERT INTO related_lists (`related_type`, `list_id`, `related_id`, `score`) VALUES('List', 2, 3, NULL)[0m
  [4;35;1mTalk Load (0.000488)[0m   [0mSELECT * FROM talks WHERE (talks.series_id = 3) [0m
  [4;36;1mList Load (0.000254)[0m   [0;1mSELECT lists.* FROM lists INNER JOIN list_users ON lists.id = list_users.list_id WHERE ((list_users.user_id = 1)) [0m
  [4;35;1mListUser Columns (0.000460)[0m   [0mSHOW FIELDS FROM list_users[0m
  [4;36;1mSQL (0.000154)[0m   [0;1mINSERT INTO list_users (`list_id`, `user_id`) VALUES(3, 1)[0m
Sent mail:
 Date: Thu, 25 Mar 2010 11:58:06 +0000
From: noreply@talks.cam.ac.uk
To: barak@cs.nuim.ie
Subject: Your talks.cam password
Mime-Version: 1.0
Content-Type: text/plain; charset=utf-8

Here are your login details for http://talks.cam.ac.uk

To login please go to http://talks.cam.ac.uk/login/other_users and enter:
e-mail: barak@cs.nuim.ie
password: ziGIrdgbBA

Both are case sensitive.

Please note that these login details are for the 'other users' login. If you are at the University of Cambridge then you can also use the 'cambridge (raven)' login, but this will have a different password from the one above. To get a raven password go to http://www.cam.ac.uk/cs/docs/faq/n5.html

Please let us know if you have any problems:

webmaster@talks.cam.ac.uk

(Note that this is a different e-mail address from the one that this message is sent from)

  [4;35;1mSQL (0.005264)[0m   [0mCOMMIT[0m
Redirected to http://talks.cs.nuim.ie:3000/user/password_sent
Completed in 0.26758 (3 reqs/sec) | DB: 0.01371 (5%) | 302 Found [http://talks.cs.nuim.ie/user/create]


Processing UserController#password_sent (for 149.157.248.72 at 2010-03-25 11:58:06) [GET]
  Session ID: 24991d40fe7bb9afc1ddda1de1935304
  Parameters: {"action"=>"password_sent", "controller"=>"user"}
Rendering  within layouts/application
Rendering user/password_sent
Rendered shared/_sidebox (0.00456)
Completed in 0.03517 (28 reqs/sec) | Rendering: 0.01687 (47%) | DB: 0.00000 (0%) | 200 OK [http://talks.cs.nuim.ie/user/password_sent]


Processing UserController#new (for 149.157.243.129 at 2010-03-25 11:59:03) [GET]
  Session ID: f67421e4ea508d7d06e4313323035fcf
  Parameters: {"action"=>"new", "controller"=>"user"}
Rendering  within layouts/application
Rendering user/new
Rendered shared/_sidebox (0.00468)
Completed in 0.03062 (32 reqs/sec) | Rendering: 0.01274 (41%) | DB: 0.00000 (0%) | 200 OK [http://talks.cs.nuim.ie/user/new]
